<?xml version="1.0" encoding="UTF-8"?>
<testng-results ignored="0" total="2" passed="2" failed="0" skipped="0">
  <reporter-output>
  </reporter-output>
  <suite started-at="2021-02-01T09:46:34 CET" name="Default suite" finished-at="2021-02-01T09:46:52 CET" duration-ms="17631">
    <groups>
    </groups>
    <test started-at="2021-02-01T09:46:34 CET" name="Default test" finished-at="2021-02-01T09:46:52 CET" duration-ms="17631">
      <class name="Inicio.TodosLosTestJuntos">
        <test-method is-config="true" signature="cargaPropiedades()[pri:0, instance:Inicio.TodosLosTestJuntos@3d1cfad4]" started-at="2021-02-01T09:46:24 CET" name="cargaPropiedades" finished-at="2021-02-01T09:46:34 CET" duration-ms="9947" status="PASS">
          <reporter-output>
          </reporter-output>
        </test-method> <!-- cargaPropiedades -->
        <test-method is-config="true" signature="cargaPaginaInicial()[pri:0, instance:Inicio.TodosLosTestJuntos@3d1cfad4]" started-at="2021-02-01T09:46:34 CET" name="cargaPaginaInicial" finished-at="2021-02-01T09:46:36 CET" duration-ms="2120" status="PASS">
          <reporter-output>
          </reporter-output>
        </test-method> <!-- cargaPaginaInicial -->
        <test-method signature="destinosyRutas()[pri:0, instance:Inicio.TodosLosTestJuntos@3d1cfad4]" started-at="2021-02-01T09:46:36 CET" name="destinosyRutas" finished-at="2021-02-01T09:46:46 CET" duration-ms="9676" status="PASS">
          <reporter-output>
          </reporter-output>
        </test-method> <!-- destinosyRutas -->
        <test-method is-config="true" signature="cargaPaginaInicial()[pri:0, instance:Inicio.TodosLosTestJuntos@3d1cfad4]" started-at="2021-02-01T09:46:46 CET" name="cargaPaginaInicial" finished-at="2021-02-01T09:46:47 CET" duration-ms="1261" status="PASS">
          <reporter-output>
          </reporter-output>
        </test-method> <!-- cargaPaginaInicial -->
        <test-method signature="viajes_Alsa()[pri:0, instance:Inicio.TodosLosTestJuntos@3d1cfad4]" started-at="2021-02-01T09:46:47 CET" name="viajes_Alsa" finished-at="2021-02-01T09:46:52 CET" duration-ms="4522" status="PASS">
          <reporter-output>
          </reporter-output>
        </test-method> <!-- viajes_Alsa -->
        <test-method is-config="true" signature="tearDoown()[pri:0, instance:Inicio.TodosLosTestJuntos@3d1cfad4]" started-at="2021-02-01T09:46:52 CET" name="tearDoown" finished-at="2021-02-01T09:46:53 CET" duration-ms="1064" status="PASS">
          <reporter-output>
          </reporter-output>
        </test-method> <!-- tearDoown -->
      </class> <!-- Inicio.TodosLosTestJuntos -->
    </test> <!-- Default test -->
  </suite> <!-- Default suite -->
</testng-results>
